-------------------------------------------------------------------------------
Test set: com.tecplata.esb.test.camel.CamelMockedRouteTest
-------------------------------------------------------------------------------
Tests run: 1, Failures: 0, Errors: 1, Skipped: 0, Time elapsed: 0.024 sec <<< FAILURE!
initializationError(com.tecplata.esb.test.camel.CamelMockedRouteTest)  Time elapsed: 0.006 sec  <<< ERROR!
java.lang.NoSuchMethodError: org.springframework.beans.BeanUtils.instantiateClass(Ljava/lang/Class;Ljava/lang/Class;)Ljava/lang/Object;
	at org.springframework.test.context.ContextLoaderUtils.resolveContextLoader(ContextLoaderUtils.java:87)
	at org.springframework.test.context.ContextLoaderUtils.buildMergedContextConfiguration(ContextLoaderUtils.java:298)
	at org.springframework.test.context.TestContext.<init>(TestContext.java:100)
	at org.springframework.test.context.TestContextManager.<init>(TestContextManager.java:117)
	at org.apache.camel.test.junit4.CamelSpringJUnit4ClassRunner$CamelTestContextManager.<init>(CamelSpringJUnit4ClassRunner.java:72)
	at org.apache.camel.test.junit4.CamelSpringJUnit4ClassRunner.createTestContextManager(CamelSpringJUnit4ClassRunner.java:51)
	at org.springframework.test.context.junit4.SpringJUnit4ClassRunner.<init>(SpringJUnit4ClassRunner.java:108)
	at org.apache.camel.test.junit4.CamelSpringJUnit4ClassRunner.<init>(CamelSpringJUnit4ClassRunner.java:40)
	at sun.reflect.NativeConstructorAccessorImpl.newInstance0(Native Method)
	at sun.reflect.NativeConstructorAccessorImpl.newInstance(NativeConstructorAccessorImpl.java:39)
	at sun.reflect.DelegatingConstructorAccessorImpl.newInstance(DelegatingConstructorAccessorImpl.java:27)
	at java.lang.reflect.Constructor.newInstance(Constructor.java:513)
	at org.junit.internal.builders.AnnotatedBuilder.buildRunner(AnnotatedBuilder.java:31)
	at org.junit.internal.builders.AnnotatedBuilder.runnerForClass(AnnotatedBuilder.java:24)
	at org.junit.runners.model.RunnerBuilder.safeRunnerForClass(RunnerBuilder.java:57)
	at org.junit.internal.builders.AllDefaultPossibilitiesBuilder.runnerForClass(AllDefaultPossibilitiesBuilder.java:29)
	at org.junit.runners.model.RunnerBuilder.safeRunnerForClass(RunnerBuilder.java:57)
	at org.junit.internal.requests.ClassRequest.getRunner(ClassRequest.java:24)
	at org.apache.maven.surefire.junit4.JUnit4TestSet.<init>(JUnit4TestSet.java:45)
	at org.apache.maven.surefire.junit4.JUnit4DirectoryTestSuite.createTestSet(JUnit4DirectoryTestSuite.java:56)
	at org.apache.maven.surefire.suite.AbstractDirectoryTestSuite.locateTestSets(AbstractDirectoryTestSuite.java:96)
	at org.apache.maven.surefire.Surefire.createSuiteFromDefinition(Surefire.java:209)
	at org.apache.maven.surefire.Surefire.run(Surefire.java:156)
	at sun.reflect.NativeMethodAccessorImpl.invoke0(Native Method)
	at sun.reflect.NativeMethodAccessorImpl.invoke(NativeMethodAccessorImpl.java:39)
	at sun.reflect.DelegatingMethodAccessorImpl.invoke(DelegatingMethodAccessorImpl.java:25)
	at java.lang.reflect.Method.invoke(Method.java:597)
	at org.apache.maven.surefire.booter.SurefireBooter.runSuitesInProcess(SurefireBooter.java:345)
	at org.apache.maven.surefire.booter.SurefireBooter.main(SurefireBooter.java:1009)

